0 info it worked if it ends with ok
1 verbose cli [ 'node', '/usr/local/bin/npm', 'install', '-g', 'less' ]
2 info using npm@1.4.28
3 info using node@v0.10.33
4 verbose cache add [ 'less', null ]
5 verbose cache add name=undefined spec="less" args=["less",null]
6 verbose parsed url { protocol: null,
6 verbose parsed url   slashes: null,
6 verbose parsed url   auth: null,
6 verbose parsed url   host: null,
6 verbose parsed url   port: null,
6 verbose parsed url   hostname: null,
6 verbose parsed url   hash: null,
6 verbose parsed url   search: null,
6 verbose parsed url   query: null,
6 verbose parsed url   pathname: 'less',
6 verbose parsed url   path: 'less',
6 verbose parsed url   href: 'less' }
7 silly lockFile 0b439cf4-less less
8 verbose lock less /Users/yuridesnaijer/.npm/0b439cf4-less.lock
9 silly lockFile 0b439cf4-less less
10 silly lockFile 0b439cf4-less less
11 verbose addNamed [ 'less', '' ]
12 verbose addNamed [ null, '*' ]
13 silly lockFile e13833ab-less less@
14 verbose lock less@ /Users/yuridesnaijer/.npm/e13833ab-less.lock
15 silly addNameRange { name: 'less', range: '*', hasData: false }
16 verbose request where is /less
17 verbose request registry https://registry.npmjs.org/
18 verbose request id b46879d97b5ac40c
19 verbose url raw /less
20 verbose url resolving [ 'https://registry.npmjs.org/', './less' ]
21 verbose url resolved https://registry.npmjs.org/less
22 verbose request where is https://registry.npmjs.org/less
23 info trying registry request attempt 1 at 20:13:07
24 verbose etag "98JMIOGY7QNC4EHQTW9OCAD5"
25 http GET https://registry.npmjs.org/less
26 http 304 https://registry.npmjs.org/less
27 silly registry.get cb [ 304,
27 silly registry.get   { date: 'Tue, 25 Nov 2014 19:13:07 GMT',
27 silly registry.get     server: 'Apache',
27 silly registry.get     via: '1.1 varnish',
27 silly registry.get     'last-modified': 'Tue, 25 Nov 2014 19:13:07 GMT',
27 silly registry.get     'cache-control': 'max-age=60',
27 silly registry.get     etag: '"98JMIOGY7QNC4EHQTW9OCAD5"',
27 silly registry.get     age: '39',
27 silly registry.get     'x-served-by': 'cache-ams4148-AMS',
27 silly registry.get     'x-cache': 'HIT',
27 silly registry.get     'x-cache-hits': '1',
27 silly registry.get     'x-timer': 'S1416942787.361420,VS0,VE0',
27 silly registry.get     vary: 'Accept',
27 silly registry.get     'content-length': '0',
27 silly registry.get     'keep-alive': 'timeout=10, max=50',
27 silly registry.get     connection: 'Keep-Alive' } ]
28 verbose etag https://registry.npmjs.org/less from cache
29 silly addNameRange number 2 { name: 'less', range: '*', hasData: true }
30 silly addNameRange versions [ 'less',
30 silly addNameRange   [ '1.0.10',
30 silly addNameRange     '1.0.11',
30 silly addNameRange     '1.0.14',
30 silly addNameRange     '1.0.18',
30 silly addNameRange     '1.0.19',
30 silly addNameRange     '1.0.21',
30 silly addNameRange     '1.0.32',
30 silly addNameRange     '1.0.36',
30 silly addNameRange     '1.0.5',
30 silly addNameRange     '1.0.40',
30 silly addNameRange     '1.0.41',
30 silly addNameRange     '1.0.44',
30 silly addNameRange     '1.1.0',
30 silly addNameRange     '1.1.1',
30 silly addNameRange     '1.1.2',
30 silly addNameRange     '1.1.4',
30 silly addNameRange     '1.1.5',
30 silly addNameRange     '1.1.6',
30 silly addNameRange     '1.2.0',
30 silly addNameRange     '1.2.1',
30 silly addNameRange     '1.2.2',
30 silly addNameRange     '1.3.0',
30 silly addNameRange     '1.3.1',
30 silly addNameRange     '1.3.2',
30 silly addNameRange     '1.3.3',
30 silly addNameRange     '1.4.0-b1',
30 silly addNameRange     '1.4.0-b2',
30 silly addNameRange     '1.4.0-b3',
30 silly addNameRange     '1.4.0-b4',
30 silly addNameRange     '1.4.0',
30 silly addNameRange     '1.4.1',
30 silly addNameRange     '1.4.2',
30 silly addNameRange     '1.5.0-b1',
30 silly addNameRange     '1.5.0-b2',
30 silly addNameRange     '1.5.0-b3',
30 silly addNameRange     '1.5.0-b4',
30 silly addNameRange     '1.5.0',
30 silly addNameRange     '1.5.1',
30 silly addNameRange     '1.6.0',
30 silly addNameRange     '1.6.1',
30 silly addNameRange     '1.6.2',
30 silly addNameRange     '1.6.3',
30 silly addNameRange     '1.7.0',
30 silly addNameRange     '1.7.1',
30 silly addNameRange     '1.7.3',
30 silly addNameRange     '1.7.4',
30 silly addNameRange     '1.7.5',
30 silly addNameRange     '2.0.0-b1',
30 silly addNameRange     '2.0.0-b2',
30 silly addNameRange     '2.0.0-b3',
30 silly addNameRange     '2.0.0',
30 silly addNameRange     '2.1.0' ] ]
31 verbose addNamed [ 'less', '2.1.0' ]
32 verbose addNamed [ '2.1.0', '2.1.0' ]
33 silly lockFile 44e20066-less-2-1-0 less@2.1.0
34 verbose lock less@2.1.0 /Users/yuridesnaijer/.npm/44e20066-less-2-1-0.lock
35 silly lockFile 44e20066-less-2-1-0 less@2.1.0
36 silly lockFile 44e20066-less-2-1-0 less@2.1.0
37 silly lockFile e13833ab-less less@
38 silly lockFile e13833ab-less less@
39 silly resolved [ { name: 'less',
39 silly resolved     version: '2.1.0',
39 silly resolved     description: 'Leaner CSS',
39 silly resolved     homepage: 'http://lesscss.org',
39 silly resolved     author: { name: 'Alexis Sellier', email: 'self@cloudhead.net' },
39 silly resolved     contributors: [ [Object] ],
39 silly resolved     bugs: { url: 'https://github.com/less/less.js/issues' },
39 silly resolved     repository: { type: 'git', url: 'https://github.com/less/less.js.git' },
39 silly resolved     licenses: [ [Object] ],
39 silly resolved     bin: { lessc: './bin/lessc' },
39 silly resolved     main: 'index',
39 silly resolved     directories: { test: './test' },
39 silly resolved     jam: { main: './dist/less.js' },
39 silly resolved     engines: { node: '>=0.10.0' },
39 silly resolved     scripts: { test: 'grunt test' },
39 silly resolved     optionalDependencies:
39 silly resolved      { 'graceful-fs': '^3.0.4',
39 silly resolved        mime: '^1.2.11',
39 silly resolved        request: '^2.48.0',
39 silly resolved        mkdirp: '^0.5.0',
39 silly resolved        'source-map': '^0.1.x',
39 silly resolved        promise: '^6.0.1' },
39 silly resolved     devDependencies:
39 silly resolved      { diff: '^1.0',
39 silly resolved        grunt: '^0.4.5',
39 silly resolved        'grunt-contrib-clean': '^0.6.0',
39 silly resolved        'grunt-contrib-concat': '^0.5.0',
39 silly resolved        'grunt-contrib-connect': '^0.9.0',
39 silly resolved        'grunt-contrib-jasmine': '^0.8.1',
39 silly resolved        'grunt-contrib-jshint': '^0.10.0',
39 silly resolved        'grunt-contrib-uglify': '^0.6.0',
39 silly resolved        'grunt-shell': '^1.1.1',
39 silly resolved        'grunt-browserify': '^3.2.0',
39 silly resolved        matchdep: '^0.3.0',
39 silly resolved        'time-grunt': '^1.0.0',
39 silly resolved        'grunt-saucelabs': '^8.3.2' },
39 silly resolved     keywords:
39 silly resolved      [ 'compile less',
39 silly resolved        'css nesting',
39 silly resolved        'css variable',
39 silly resolved        'css',
39 silly resolved        'gradients css',
39 silly resolved        'gradients css3',
39 silly resolved        'less compiler',
39 silly resolved        'less css',
39 silly resolved        'less mixins',
39 silly resolved        'less',
39 silly resolved        'less.js',
39 silly resolved        'lesscss',
39 silly resolved        'mixins',
39 silly resolved        'nested css',
39 silly resolved        'parser',
39 silly resolved        'preprocessor',
39 silly resolved        'bootstrap css',
39 silly resolved        'bootstrap less',
39 silly resolved        'style',
39 silly resolved        'styles',
39 silly resolved        'stylesheet',
39 silly resolved        'variables in css',
39 silly resolved        'css less' ],
39 silly resolved     dependencies:
39 silly resolved      { 'graceful-fs': '^3.0.4',
39 silly resolved        mime: '^1.2.11',
39 silly resolved        request: '^2.48.0',
39 silly resolved        mkdirp: '^0.5.0',
39 silly resolved        'source-map': '^0.1.x',
39 silly resolved        promise: '^6.0.1' },
39 silly resolved     _id: 'less@2.1.0',
39 silly resolved     dist:
39 silly resolved      { shasum: '535b37390b21d904ee1c4c78d4c676b9f3c8fb7e',
39 silly resolved        tarball: 'http://registry.npmjs.org/less/-/less-2.1.0.tgz' },
39 silly resolved     _from: 'less@',
39 silly resolved     _npmVersion: '1.3.24',
39 silly resolved     _npmUser: { name: 'agatronic', email: 'luke.a.page@gmail.com' },
39 silly resolved     maintainers: [ [Object], [Object] ],
39 silly resolved     _shasum: '535b37390b21d904ee1c4c78d4c676b9f3c8fb7e',
39 silly resolved     _resolved: 'https://registry.npmjs.org/less/-/less-2.1.0.tgz',
39 silly resolved     readme: 'ERROR: No README data found!' } ]
40 info install less@2.1.0 into /usr/local/lib
41 info installOne less@2.1.0
42 verbose lib/node_modules/less unbuild
43 verbose tar unpack /Users/yuridesnaijer/.npm/less/2.1.0/package.tgz
44 silly lockFile 7a611c47--usr-local-lib-node-modules-less tar:///usr/local/lib/node_modules/less
45 verbose lock tar:///usr/local/lib/node_modules/less /Users/yuridesnaijer/.npm/7a611c47--usr-local-lib-node-modules-less.lock
46 silly lockFile 14a60812-aijer-npm-less-2-1-0-package-tgz tar:///Users/yuridesnaijer/.npm/less/2.1.0/package.tgz
47 verbose lock tar:///Users/yuridesnaijer/.npm/less/2.1.0/package.tgz /Users/yuridesnaijer/.npm/14a60812-aijer-npm-less-2-1-0-package-tgz.lock
48 silly gunzTarPerm modes [ '755', '644' ]
49 error Error: EACCES, mkdir '/usr/local/lib/node_modules/less'
49 error  { [Error: EACCES, mkdir '/usr/local/lib/node_modules/less']
49 error   errno: 3,
49 error   code: 'EACCES',
49 error   path: '/usr/local/lib/node_modules/less',
49 error   fstream_type: 'Directory',
49 error   fstream_path: '/usr/local/lib/node_modules/less',
49 error   fstream_class: 'DirWriter',
49 error   fstream_stack:
49 error    [ '/usr/local/lib/node_modules/npm/node_modules/fstream/lib/dir-writer.js:36:23',
49 error      '/usr/local/lib/node_modules/npm/node_modules/mkdirp/index.js:46:53',
49 error      'Object.oncomplete (fs.js:107:15)' ] }
50 error Please try running this command again as root/Administrator.
51 error System Darwin 13.4.0
52 error command "node" "/usr/local/bin/npm" "install" "-g" "less"
53 error cwd /Applications/XAMPP/xamppfiles/htdocs/projects/morgenmiddag
54 error node -v v0.10.33
55 error npm -v 1.4.28
56 error path /usr/local/lib/node_modules/less
57 error fstream_path /usr/local/lib/node_modules/less
58 error fstream_type Directory
59 error fstream_class DirWriter
60 error code EACCES
61 error errno 3
62 error stack Error: EACCES, mkdir '/usr/local/lib/node_modules/less'
63 error fstream_stack /usr/local/lib/node_modules/npm/node_modules/fstream/lib/dir-writer.js:36:23
63 error fstream_stack /usr/local/lib/node_modules/npm/node_modules/mkdirp/index.js:46:53
63 error fstream_stack Object.oncomplete (fs.js:107:15)
64 verbose exit [ 3, true ]
